2024-08-27 13:59:17,355 [INFO] -- [__init__()] : Initializing Configuration with file: ../config/initial_config_file.json
2024-08-27 13:59:17,355 [INFO] -- [__read_json()] : Reading JSON configuration file: ../config/initial_config_file.json
2024-08-27 13:59:17,355 [INFO] -- [__news_config()] : Generating news configurations.
2024-08-27 13:59:21,465 [INFO] -- [__news_config()] : News configurations generated successfully.
2024-08-27 13:59:21,465 [INFO] -- [__news_config()] : config save to path : ../config/final_config_file.json
2024-08-27 14:15:32,992 [INFO] -- [__init__()] : Initializing Configuration with file: ../config/initial_config_file.json
2024-08-27 14:15:32,992 [INFO] -- [__read_json()] : Reading JSON configuration file: ../config/initial_config_file.json
2024-08-27 14:15:32,993 [INFO] -- [__news_config()] : Generating news configurations.
2024-08-27 14:15:34,565 [INFO] -- [__news_config()] : News configurations generated successfully.
2024-08-27 14:15:34,566 [INFO] -- [__news_config()] : config save to path : ../config/final_config_file.json
2024-08-27 14:22:09,291 [INFO] -- [__init__()] : Initializing Configuration with file: ../config/initial_config_file.json
2024-08-27 14:22:09,292 [INFO] -- [__read_json()] : Reading JSON configuration file: ../config/initial_config_file.json
2024-08-27 14:22:09,292 [INFO] -- [__news_config()] : Generating news configurations.
2024-08-27 14:22:11,000 [INFO] -- [__news_config()] : News configurations generated successfully.
2024-08-27 14:22:11,000 [INFO] -- [__news_config()] : config save to path : ../config/final_config_file.json
2024-08-27 14:23:47,243 [INFO] -- [__init__()] : Initializing Configuration with file: ../config/initial_config_file.json
2024-08-27 14:23:47,243 [INFO] -- [__read_json()] : Reading JSON configuration file: ../config/initial_config_file.json
2024-08-27 14:23:47,244 [INFO] -- [__news_config()] : Generating news configurations.
2024-08-27 14:23:48,793 [INFO] -- [__news_config()] : News configurations generated successfully.
2024-08-27 14:23:48,793 [INFO] -- [__news_config()] : config save to path : ../config/final_config_file.json
2024-08-27 14:25:11,838 [INFO] -- [__init__()] : Initializing Configuration with file: ../config/initial_config_file.json
2024-08-27 14:25:11,838 [INFO] -- [__read_json()] : Reading JSON configuration file: ../config/initial_config_file.json
2024-08-27 14:25:11,839 [INFO] -- [__news_config()] : Generating news configurations.
2024-08-27 14:25:13,454 [INFO] -- [__news_config()] : News configurations generated successfully.
2024-08-27 14:25:13,454 [INFO] -- [__news_config()] : config save to path : ../config/final_config_file.json
2024-08-27 14:29:19,654 [INFO] -- [__init__()] : Initializing Configuration with file: ../config/initial_config_file.json
2024-08-27 14:29:19,654 [INFO] -- [__read_json()] : Reading JSON configuration file: ../config/initial_config_file.json
2024-08-27 14:29:19,655 [INFO] -- [__news_config()] : Generating news configurations.
2024-08-27 14:29:21,152 [INFO] -- [__news_config()] : News configurations generated successfully.
2024-08-27 14:29:21,153 [INFO] -- [__news_config()] : config save to path : ../config/final_config_file.json
2024-08-27 14:31:34,930 [INFO] -- [__init__()] : Initializing Configuration with file: ../config/initial_config_file.json
2024-08-27 14:31:34,931 [INFO] -- [__read_json()] : Reading JSON configuration file: ../config/initial_config_file.json
2024-08-27 14:31:34,931 [INFO] -- [__news_config()] : Generating news configurations.
2024-08-27 14:31:36,522 [INFO] -- [__news_config()] : News configurations generated successfully.
2024-08-27 14:31:36,523 [INFO] -- [__news_config()] : config save to path : ../config/final_config_file.json
2024-08-27 14:33:03,259 [INFO] -- [__init__()] : Initializing Configuration with file: ../config/initial_config_file.json
2024-08-27 14:33:03,260 [INFO] -- [__read_json()] : Reading JSON configuration file: ../config/initial_config_file.json
2024-08-27 14:33:03,260 [INFO] -- [__news_config()] : Generating news configurations.
2024-08-27 14:33:05,101 [INFO] -- [__news_config()] : News configurations generated successfully.
2024-08-27 14:33:05,101 [INFO] -- [__news_config()] : config save to path : ../config/final_config_file.json
2024-08-27 15:04:22,200 [INFO] -- [__init__()] : Initializing Configuration with file: ../config/initial_config_file.json
2024-08-27 15:04:22,201 [INFO] -- [__read_json()] : Reading JSON configuration file: ../config/initial_config_file.json
2024-08-27 15:04:22,202 [INFO] -- [__news_config()] : Generating news configurations.
2024-08-27 15:04:23,826 [INFO] -- [__news_config()] : News configurations generated successfully.
2024-08-27 15:04:23,826 [INFO] -- [__news_config()] : config save to path : ../config/final_config_file.json
2024-08-27 15:20:01,758 [INFO] -- [__init__()] : Initializing Configuration with file: ../config/initial_config_file.json
2024-08-27 15:20:01,759 [INFO] -- [__read_json()] : Reading JSON configuration file: ../config/initial_config_file.json
2024-08-27 15:20:01,760 [INFO] -- [__news_config()] : Generating news configurations.
2024-08-27 15:20:03,401 [INFO] -- [__news_config()] : News configurations generated successfully.
2024-08-27 15:20:03,401 [INFO] -- [__news_config()] : config save to path : ../config/final_config_file.json
2024-08-27 15:22:42,104 [INFO] -- [__init__()] : Initializing Configuration with file: ../config/initial_config_file.json
2024-08-27 15:22:42,104 [INFO] -- [__read_json()] : Reading JSON configuration file: ../config/initial_config_file.json
2024-08-27 15:22:42,105 [INFO] -- [__news_config()] : Generating news configurations.
2024-08-27 15:22:44,775 [INFO] -- [__news_config()] : News configurations generated successfully.
2024-08-27 15:22:44,775 [INFO] -- [__news_config()] : config save to path : ../config/final_config_file.json
2024-08-27 15:25:13,796 [INFO] -- [__init__()] : Initializing Configuration with file: ../config/initial_config_file.json
2024-08-27 15:25:13,796 [INFO] -- [__read_json()] : Reading JSON configuration file: ../config/initial_config_file.json
2024-08-27 15:25:13,798 [INFO] -- [__news_config()] : Generating news configurations.
2024-08-27 15:25:15,358 [INFO] -- [__news_config()] : News configurations generated successfully.
2024-08-27 15:25:15,359 [INFO] -- [__news_config()] : config save to path : ../config/final_config_file.json
2024-08-27 15:30:54,109 [INFO] -- [__init__()] : Initializing Configuration with file: ../config/initial_config_file.json
2024-08-27 15:30:54,109 [INFO] -- [__read_json()] : Reading JSON configuration file: ../config/initial_config_file.json
2024-08-27 15:30:54,110 [INFO] -- [__news_config()] : Generating news configurations.
2024-08-27 15:30:55,684 [INFO] -- [__news_config()] : News configurations generated successfully.
2024-08-27 15:30:55,684 [INFO] -- [__news_config()] : config save to path : ../config/final_config_file.json
2024-08-27 15:36:57,076 [INFO] -- [__init__()] : Initializing Configuration with file: ../config/initial_config_file.json
2024-08-27 15:36:57,077 [INFO] -- [__read_json()] : Reading JSON configuration file: ../config/initial_config_file.json
2024-08-27 15:36:57,078 [INFO] -- [__news_config()] : Generating news configurations.
2024-08-27 15:36:58,605 [INFO] -- [__news_config()] : News configurations generated successfully.
2024-08-27 15:36:58,605 [INFO] -- [__news_config()] : config save to path : ../config/final_config_file.json
2024-08-28 06:57:17,576 [INFO] -- [__init__()] : Initializing Configuration with file: ../config/initial_config_file.json
2024-08-28 06:57:17,576 [INFO] -- [__read_json()] : Reading JSON configuration file: ../config/initial_config_file.json
2024-08-28 06:57:17,577 [INFO] -- [__news_config()] : Generating news configurations.
2024-08-28 06:57:19,082 [INFO] -- [__news_config()] : News configurations generated successfully.
2024-08-28 06:57:19,082 [INFO] -- [__news_config()] : config save to path : ../config/final_config_file.json
2024-08-28 07:09:01,115 [INFO] -- [__init__()] : Initializing Configuration with file: ../config/initial_config_file.json
2024-08-28 07:09:01,115 [INFO] -- [__read_json()] : Reading JSON configuration file: ../config/initial_config_file.json
2024-08-28 07:09:01,116 [INFO] -- [__news_config()] : Generating news configurations.
2024-08-28 07:09:02,619 [INFO] -- [__news_config()] : News configurations generated successfully.
2024-08-28 07:09:02,620 [INFO] -- [__news_config()] : config save to path : ../config/final_config_file.json
2024-08-28 08:19:02,523 [INFO] -- [__init__()] : Initializing Configuration with file: ../config/initial_config_file.json
2024-08-28 08:19:02,523 [INFO] -- [__read_json()] : Reading JSON configuration file: ../config/initial_config_file.json
2024-08-28 08:19:02,524 [INFO] -- [__news_config()] : Generating news configurations.
2024-08-28 08:19:04,078 [INFO] -- [__news_config()] : News configurations generated successfully.
2024-08-28 08:19:04,079 [INFO] -- [__news_config()] : config save to path : ../config/final_config_file.json
2024-08-29 11:48:21,340 [INFO] -- [__init__()] : Initializing Configuration with file: ../config/initial_config_file.json
2024-08-29 11:48:21,341 [INFO] -- [__read_json()] : Reading JSON configuration file: ../config/initial_config_file.json
2024-08-29 11:48:21,342 [INFO] -- [__news_config()] : Generating news configurations.
2024-08-29 11:48:24,610 [INFO] -- [__news_config()] : News configurations generated successfully.
2024-08-29 11:48:24,610 [INFO] -- [__news_config()] : config save to path : ../config/final_config_file.json
2024-08-29 12:27:19,203 [INFO] -- [__init__()] : Initializing Configuration with file: ../config/initial_config_file.json
2024-08-29 12:27:19,205 [INFO] -- [__read_json()] : Reading JSON configuration file: ../config/initial_config_file.json
2024-08-29 12:27:19,206 [INFO] -- [__news_config()] : Generating news configurations.
2024-08-29 12:27:20,983 [INFO] -- [__news_config()] : News configurations generated successfully.
2024-08-29 12:27:20,983 [INFO] -- [__news_config()] : config save to path : ../config/final_config_file.json
2024-08-30 09:34:39,310 [INFO] -- [__init__()] : Initializing Configuration with file: ../config/initial_config_file.json
2024-08-30 09:34:39,310 [INFO] -- [__read_json()] : Reading JSON configuration file: ../config/initial_config_file.json
2024-08-30 09:34:39,312 [INFO] -- [__news_config()] : Generating news configurations.
2024-08-30 09:34:41,042 [INFO] -- [__news_config()] : News configurations generated successfully.
2024-08-30 09:34:41,042 [INFO] -- [__news_config()] : config save to path : ../config/final_config_file.json
2024-08-30 10:25:46,459 [INFO] -- [__init__()] : Initializing Configuration with file: ../config/initial_config_file.json
2024-08-30 10:25:46,460 [INFO] -- [__read_json()] : Reading JSON configuration file: ../config/initial_config_file.json
2024-08-30 10:25:46,460 [INFO] -- [__news_config()] : Generating news configurations.
2024-08-30 10:25:48,088 [INFO] -- [__news_config()] : News configurations generated successfully.
2024-08-30 10:25:48,088 [INFO] -- [__news_config()] : config save to path : ../config/final_config_file.json
